0 info it worked if it ends with ok
1 verbose cli [ '/usr/local/Cellar/node/6.2.1/bin/node',
1 verbose cli   '/usr/local/bin/npm',
1 verbose cli   'run',
1 verbose cli   'db:schema' ]
2 info using npm@3.9.3
3 info using node@v6.2.1
4 verbose run-script [ 'predb:schema', 'db:schema', 'postdb:schema' ]
5 info lifecycle video-store-api@0.0.0~predb:schema: video-store-api@0.0.0
6 silly lifecycle video-store-api@0.0.0~predb:schema: no script for predb:schema, continuing
7 info lifecycle video-store-api@0.0.0~db:schema: video-store-api@0.0.0
8 verbose lifecycle video-store-api@0.0.0~db:schema: unsafe-perm in lifecycle true
9 verbose lifecycle video-store-api@0.0.0~db:schema: PATH: /usr/local/lib/node_modules/npm/bin/node-gyp-bin:/Users/justinewinnie/Desktop/c5/projects/VideoStoreAPI/node_modules/.bin:/usr/local/Cellar/node/6.2.1/bin:/Users/justinewinnie/.rvm/gems/ruby-2.3.0/bin:/Users/justinewinnie/.rvm/gems/ruby-2.3.0@global/bin:/Users/justinewinnie/.rvm/rubies/ruby-2.3.0/bin:/usr/local/bin:/usr/bin:/bin:/usr/sbin:/sbin:/Users/justinewinnie/.rvm/bin
10 verbose lifecycle video-store-api@0.0.0~db:schema: CWD: /Users/justinewinnie/Desktop/c5/projects/VideoStoreAPI
11 silly lifecycle video-store-api@0.0.0~db:schema: Args: [ '-c', 'node tasks/load_schema.js' ]
12 silly lifecycle video-store-api@0.0.0~db:schema: Returned: code: 1  signal: null
13 info lifecycle video-store-api@0.0.0~db:schema: Failed to exec db:schema script
14 verbose stack Error: video-store-api@0.0.0 db:schema: `node tasks/load_schema.js`
14 verbose stack Exit status 1
14 verbose stack     at EventEmitter.<anonymous> (/usr/local/lib/node_modules/npm/lib/utils/lifecycle.js:245:16)
14 verbose stack     at emitTwo (events.js:106:13)
14 verbose stack     at EventEmitter.emit (events.js:191:7)
14 verbose stack     at ChildProcess.<anonymous> (/usr/local/lib/node_modules/npm/lib/utils/spawn.js:24:14)
14 verbose stack     at emitTwo (events.js:106:13)
14 verbose stack     at ChildProcess.emit (events.js:191:7)
14 verbose stack     at maybeClose (internal/child_process.js:852:16)
14 verbose stack     at Process.ChildProcess._handle.onexit (internal/child_process.js:215:5)
15 verbose pkgid video-store-api@0.0.0
16 verbose cwd /Users/justinewinnie/Desktop/c5/projects/VideoStoreAPI
17 error Darwin 15.5.0
18 error argv "/usr/local/Cellar/node/6.2.1/bin/node" "/usr/local/bin/npm" "run" "db:schema"
19 error node v6.2.1
20 error npm  v3.9.3
21 error code ELIFECYCLE
22 error video-store-api@0.0.0 db:schema: `node tasks/load_schema.js`
22 error Exit status 1
23 error Failed at the video-store-api@0.0.0 db:schema script 'node tasks/load_schema.js'.
23 error Make sure you have the latest version of node.js and npm installed.
23 error If you do, this is most likely a problem with the video-store-api package,
23 error not with npm itself.
23 error Tell the author that this fails on your system:
23 error     node tasks/load_schema.js
23 error You can get information on how to open an issue for this project with:
23 error     npm bugs video-store-api
23 error Or if that isn't available, you can get their info via:
23 error     npm owner ls video-store-api
23 error There is likely additional logging output above.
24 verbose exit [ 1, true ]
